<?xml version="1.0" encoding="UTF-8"?>
<testsuite name="Create an user on Regres.in" tests="1" skipped="0" failures="0" errors="0" timestamp="2020-06-11T15:49:09" hostname="CHPAPDZX4Q12" time="8.818">
  <properties/>
  <testcase name="Creation an user" classname="Create an user on Regres.in" time="8.818"/>
  <system-out><![CDATA[]]></system-out>
  <system-err><![CDATA[[Test worker] WARN net.thucydides.core.steps.BaseStepListener - stepStarted: net.thucydides.core.steps.ExecutedStepDescription@54f09599
[Test worker] WARN net.thucydides.core.steps.BaseStepListener - stepStarted: net.thucydides.core.steps.ExecutedStepDescription@42c0314f
[Test worker] WARN net.thucydides.core.steps.BaseStepListener - stepStarted: net.thucydides.core.steps.ExecutedStepDescription@2b7af5
[Test worker] WARN net.thucydides.core.steps.BaseStepListener - stepStarted: net.thucydides.core.steps.ExecutedStepDescription@3f612b9c
[Test worker] WARN net.thucydides.core.steps.BaseStepListener - stepStarted: net.thucydides.core.steps.ExecutedStepDescription@4f79c3b
[Test worker] WARN net.thucydides.core.steps.BaseStepListener - stepFinished: current outcome:Creation an user:When you create an user
| name | job |
| brandon | java | [Brandon create user rest [Brandon with post [brandon executes a POST on the resource /api/users [POST https://reqres.in/api/users]]]]
[Test worker] WARN net.thucydides.core.steps.BaseStepListener - stepFinished: current outcome:Creation an user:When you create an user
| name | job |
| brandon | java | [Brandon create user rest [Brandon with post [brandon executes a POST on the resource /api/users [POST https://reqres.in/api/users]]]]
[Test worker] WARN net.thucydides.core.steps.BaseStepListener - stepFinished: current outcome:Creation an user:When you create an user
| name | job |
| brandon | java | [Brandon create user rest [Brandon with post [brandon executes a POST on the resource /api/users [POST https://reqres.in/api/users]]]]
[Test worker] WARN net.thucydides.core.steps.BaseStepListener - stepFinished: current outcome:Creation an user:When you create an user
| name | job |
| brandon | java | [Brandon create user rest [Brandon with post [brandon executes a POST on the resource /api/users [POST https://reqres.in/api/users]]]]
[Test worker] WARN net.thucydides.core.steps.BaseStepListener - stepFinished: current outcome:Creation an user:When you create an user
| name | job |
| brandon | java | [Brandon create user rest [Brandon with post [brandon executes a POST on the resource /api/users [POST https://reqres.in/api/users]]]]
[Test worker] WARN net.thucydides.core.steps.BaseStepListener - stepStarted: net.thucydides.core.steps.ExecutedStepDescription@2f3d37f9
[Test worker] WARN net.thucydides.core.steps.BaseStepListener - stepStarted: net.thucydides.core.steps.ExecutedStepDescription@71590894
[Test worker] WARN net.thucydides.core.steps.BaseStepListener - stepFinished: current outcome:Creation an user:When you create an user
| name | job |
| brandon | java | [Brandon create user rest [Brandon with post [brandon executes a POST on the resource /api/users [POST https://reqres.in/api/users]]]], Then I should see the user created [Then last response status code]
[Test worker] WARN net.thucydides.core.steps.BaseStepListener - stepFinished: current outcome:Creation an user:When you create an user
| name | job |
| brandon | java | [Brandon create user rest [Brandon with post [brandon executes a POST on the resource /api/users [POST https://reqres.in/api/users]]]], Then I should see the user created [Then last response status code]
[Test worker] WARN net.thucydides.core.steps.BaseStepListener - testFinished: Creation an user:When you create an user
| name | job |
| brandon | java | [Brandon create user rest [Brandon with post [brandon executes a POST on the resource /api/users [POST https://reqres.in/api/users]]]], Then I should see the user created [Then last response status code]
[Test worker] WARN net.thucydides.core.steps.BaseStepListener - TestOutcomes: [Creation an user:When you create an user
| name | job |
| brandon | java | [Brandon create user rest [Brandon with post [brandon executes a POST on the resource /api/users [POST https://reqres.in/api/users]]]], Then I should see the user created [Then last response status code]]
[Test worker] WARN net.thucydides.core.steps.BaseStepListener - Final testOutcomes: [Creation an user:When you create an user
| name | job |
| brandon | java | [Brandon create user rest [Brandon with post [brandon executes a POST on the resource /api/users [POST https://reqres.in/api/users]]]], Then I should see the user created [Then last response status code]]
[Test worker] INFO net.thucydides.core.steps.ConsoleLoggingListener - 
        __    _____ _____ ____ _____   ____   _    ____  ____  _____ ____  
  _     \ \  |_   _| ____/ ___|_   _| |  _ \ / \  / ___|/ ___|| ____|  _ \ 
 (_)_____| |   | | |  _| \___ \ | |   | |_) / _ \ \___ \\___ \|  _| | | | |
  _|_____| |   | | | |___ ___) || |   |  __/ ___ \ ___) |___) | |___| |_| |
 (_)     | |   |_| |_____|____/ |_|   |_| /_/   \_\____/|____/|_____|____/ 
        /_/                                                                

TEST PASSED: Creation an user
----------------------------------------------------------------------------
]]></system-err>
</testsuite>
